    1  git config --global user.name "tommyvu008"
    2  git config --user.email "tommy.vu01@sjsu.edu"
    3  git config --global user.email "tommy.vu01@sjsu.edu"
    4  git config user.name
    5  git config user.email
    6  cd AndroidSutdioProjects/HelloWorld1
    7  cd AndroidStudioProjects/HelloWorld1
    8  git init
    9  git remote add origin https://tommyvu008@bitbucket.org/tommyvu008/helloworld1.git
   10  git status
   11  git add .
   12  git status
   13  git commit -m "Project Created"
   14  git log
   15  git commit -m "commit?"
   16  git push -u origin master
   17  cd AndroidStudioProjects/Exercise1
   18  git init
   19  git remote add origin https://tommyvu008@bitbucket.org/tommyvu008/exercise1.git
   20  git status
   21  git add .
   22  git status
   23  git commit -m "Project created"
   24  git log
   25  git push -u origin master
   26  cd AndroidStudioProjects/Exercise2
   27  cd AndroidStudioProjects/TemperatureConverter
   28  git init
   29  git remote add origin https://tommyvu008@bitbucket.org/tommyvu008/exercise2.git
   30  git remote add origin https://tommyvu008@bitbucket.org/tommyvu008/exercise2.git
   31  git remote add origin https://tommyvu008@bitbucket.org/tommyvu008/exercise2.git
   32  git status
   33  git add .
   34  git status
   35  git commit -, "Project Created"
   36  git log
   37  git commit -m "Project Created"
   38  git status
   39  git log
   40  git push -u origin master
   41  cd AndroidStudioProjects/Temperature_Converter
   42  cd AndroidStudio/Temperature_Converter
   43  cd AndroidStudio/Projects/Temperature_Converter
   44  cd AndroidStudioProjects/TemperatureConverter
   45  git commit -m "Project updated"
   46  git commit -m "Project updated"
   47  git commit -m "Project updated"
   48  git push -u origin mastergit push -u origin master
   49  git add .
   50  git commit -m "Project updated"
   51  git push -u origin master
   52  cd AndroidStudioProjects/
   53  cd AndroidStudioProjects/MortageCalculator
   54  cd AndroidStudioProjects/MortgageCalculator
   55  cd AndroidStudioProjects/Mortgage_Calculator
   56  cd AndroidStudioProjects/MortgageCalculator
   57  cd AndroidStudioProjects/Mortgage_Calculator
   58  cd AndroidStudioProjects/mortgagecalculator
   59  cd AndroidStudioProjectss
   60  cd mortgageCalculator
   61  git init
   62  git remote add origin https://tommyvu008@bitbucket.org/tommyvu008/mortgagecalculator.git
   63  git remote add origin https://tommyvu008@bitbucket.org/tommyvu008/mortgagecalculator.git
   64  git remote add origin https://tommyvu008@bitbucket.org/tommyvu008/mortgagecalculator.git
   65  git remote add origin https://tommyvu008@bitbucket.org/tommyvu008/mortgagecalculator.git
   66  git remote add origin https://tommyvu008@bitbucket.org/tommyvu008/mortgagecalculator.git
   67  git remote add origin https://tommyvu008@bitbucket.org/tommyvu008/mortgagecalculator.git
   68  git remote add origin https://tommyvu008@bitbucket.org/tommyvu008/mortgagecalculator.git
   69  git remote add origin https://tommyvu008@bitbucket.org/tommyvu008/mortgagecalculator.git
   70  git remote add origin https://tommyvu008@bitbucket.org/tommyvu008/mortgagecalculator.git
   71  git remote add origin https://tommyvu008@bitbucket.org/tommyvu008/mortgagecalculator.git
   72  git remote add origin https://tommyvu008@bitbucket.org/tommyvu008/mortgagecalculator.git
   73  git status
   74  git add .
   75  git status
   76  git commit -m "Project Created"
   77  git push -u origin master
   78  git commit -m "Project Updated"
   79  git push -u origin master
   80  git commit -m "Project Updated"
   81  git add.
   82  git add .
   83  git commit -m "Project Updated"
   84  git push -u origin master
   85  cd AndroidStudioProjects
   86  cd recyclerview
   87  git init
   88  git remote add origin https://tommyvu008@bitbucket.org/tommyvu008/recyclerview.git
   89  git add .
   90  git commit -m "Project Created"
   91  git log
   92  git push -u origin master
   93  cd intentapp
   94  `
   95  cd `
   96  cd AndroidStudioProjects
   97  cd ~
   98  cd AndroidStudioProjects
   99  cd intentapp
  100  git init
  101  git remote add origin https://tommyvu008@bitbucket.org/tommyvu008/intentapp.git
  102  git add .
  103  git commit -m "Project Created"
  104  git log
  105  git push -u origin master
  106  cd ~
  107  cd AndroidStudioProjects
  108  cd myBrowser
  109  git init
  110  git remote add origin https://tommyvu008@bitbucket.org/tommyvu008/mybrowser.git
  111  git add .
  112  git status
  113  gut commit -m "Project Created"
  114  git commit -m "Project Created"
  115  got log
  116  git log
  117  git push -u origin master
  118  cd AndroidStudioProjects
  119  [200~cd AndroidStudioProject
  120  $ ^[[200~cd AndroidStudioProjects~
  121  cd AndroidStudioProjects
  122  cd zoodirectory
  123  git init
  124  git remote add origin https://tommyvu008@bitbucket.org/tommyvu008/zoo-directory.git
  125  git status
  126  git add .
  127  git status
  128  git commit -. "Project Created"
  129  git log
  130  git commit -. "Project Created"
  131  git log
  132  git push -u origin master
  133  git add .
  134  git status
  135  git commit -m "Project Created"
  136  git log
  137  git push -u origin master
  138  git add .
  139  git status
  140  git commit -m "Project updated"
  141  git log
  142  git push -u origin master
  143  cd AndroidStudioProjects
  144  cd weatherstation
  145  git init
  146  git remote add origin https://tommyvu008@bitbucket.org/tommyvu008/weather-station.git
  147  git add .
  148  git commit -m "Project Created"
  149  git log
  150  git push -u origin master
  151  cd AndroidStudioProjects
  152  `
  153  cd `
  154  cd ~
  155  cd AndroidStudioProjects
  156  cd shakeSensor
  157  cd shake Sensor
  158  cd shake_sensor
  159  cd sensortestactivity
  160  git init
  161  git remote add origin https://tommyvu008@bitbucket.org/tommyvu008/sensorshake.git
  162  git add .
  163  git status
  164  gut commit -m "Project Created"
  165  git log
  166  git push -u origin master
  167  git status
  168  git commit -m "Project Created"
  169  git log
  170  git push -u origin master
  171  cd AndroidStudioProjects
  172  cd AndroidStudioProjects
  173  cd accgame
  174  git init
  175  git remote add origin https://tommyvu008@bitbucket.org/tommyvu008/accgame.git
  176  git add .
  177  git statu
  178  git status
  179  git commit -m "Project Created"
  180  git log
  181  git push -u origin master
  182  cd AndroidStudioProjects
  183  git init
  184  cd mycontentprovider
  185  git init
  186  git remote add origin https://tommyvu008@bitbucket.org/tommyvu008/mycontentprovider.git
  187  git add .
  188  git status
  189  git commit -m "Project Created"
  190  git log
  191  git push -u origin master
  192  cd AndroidStudioProjects
  193  cd googlemapapp
  194  git remote add origin https://tommyvu008@bitbucket.org/tommyvu008/homework4.git
  195  git init
  196  git remote add origin https://tommyvu008@bitbucket.org/tommyvu008/homework4.git
  197  git status
  198  git add.
  199  git status
  200  git commit -m "Project created"
  201  git agit log
  202  git add .
  203  git status
  204  git commit -m "Project Created"
  205  git log
  206  git push -u origin master
  207  cd AndroidStudioProjects
  208  cd googlemapapp
  209  git commit -m "Project Created"
  210  git add .
  211  git commit -m "Project Created"
  212  git push -u origin master
  213  cd AndroidStudioProjects
  214  cd AndroidStudioProjects
  215  cd threadeddownloadactivity
  216  git init
  217  cd /path/to/your/repo
  218  git remote add origin https://tommyvu008@bitbucket.org/tommyvu008/hw5.git
  219  git add .
  220  git commit -m "Project Created"
  221  git push -u origin master
  222  [200~git clone https://github.com/github-username/hello-world.git~
  223  git clone https://github.com/github-username/hello-world.git
  224  git clone https://github.com/github-username/hello-world.git
  225  gh repo clone tommyvu008/hello-world~
  226  git     clone tommyvu008/hello-world~
  227  git remote add origin https://github.com/tommyvu008/hello-world
  228  remote add origin https://github.com/tommyvu008/hello-world.git
  229  add origin https://github.com/tommyvu008/hello-world.git
  230  cd desktop
  231  mkdir hello-world
  232  cd hello-world
  233  init
  234  git init
  235  touch a.txt
  236  git commit -m "Please remember this file at this time"
  237  git remote add origin git@github.com:github-name/hello-world.git
  238  git push origin master
  239  git pull origin master
  240  git status
  241  git add .
  242  git commit -m "README.md"
  243  ls
  244  git remote add origin git@github.com:github-name/hello-world.git~
  245  [200~git pull origin master~
  246  git pull origin master
  247  git pull origin master
  248  [200~
  249  tommy@DESKTOP-M6BV57S MINGW64 ~
  250  $ ^[[200~git clone https://github.com/github-username/hello-world.git~
  251  bash: $'\E[200~git': command not found
  252  tommy@DESKTOP-M6BV57S MINGW64 ~
  253  $ git clone https://github.com/github-username/hello-world.git
  254  Cloning into 'hello-world'...
  255  remote: Repository not found.
  256  fatal: repository 'https://github.com/github-username/hello-world.git/' not found
  257  tommy@DESKTOP-M6BV57S MINGW64 ~
  258  $ git clone https://github.com/github-username/hello-world.git
  259  Cloning into 'hello-world'...
  260  remote: Repository not found.
  261  fatal: repository 'https://github.com/github-username/hello-world.git/' not found
  262  tommy@DESKTOP-M6BV57S MINGW64 ~
  263  $ gh repo clone tommyvu008/hello-world~
  264  bash: gh: command not found
  265  tommy@DESKTOP-M6BV57S MINGW64 ~
  266  $ git     clone tommyvu008/hello-world~
  267  fatal: repository 'tommyvu008/hello-world~' does not exist
  268  tommy@DESKTOP-M6BV57S MINGW64 ~
  269  $ git remote add origin hhttps://github.com/tommyvu008/hello-world
  270  fatal: not a git repository (or any of the parent directories): .git
  271  tommy@DESKTOP-M6BV57S MINGW64 ~
  272  $ remote add origin https://github.com/tommyvu008/hello-world.git
  273  bash: remote: command not found
  274  tommy@DESKTOP-M6BV57S MINGW64 ~
  275  $ add origin hhttps://github.com/tommyvu008/hello-world.git
  276  bash: add: command not found
  277  tommy@DESKTOP-M6BV57S MINGW64 ~
  278  $cd desktop
  279  tommy@DESKTOP-M6BV57S MINGW64 ~/desktop
  280  $ mkdir hello-world
  281  tommy@DESKTOP-M6BV57S MINGW64 ~/desktop
  282  $ cd hello-world
  283  tommy@DESKTOP-M6BV57S MINGW64 ~/desktop/hello-world
  284  $ init
  285  bash: init: command not found
  286  tommy@DESKTOP-M6BV57S MINGW64 ~/desktop/hello-world
  287  cd desktop
  288  cd hello-world
  289  $ ssh-keygen -t ed25519 -C "your_email@example.com"
  290   ssh-keygen -t ed25519 -C "tommyvu008@yahoo.com"
  291   ssh-keygen -t ed25519 -C "tommyvu008@yahoo.com"
  292  cd /Desktop
  293  cd Desktop
  294  cd
  295  cd 
  296  cd [200~~/Desktop~
  297  cd ~/Desktop
  298  .
  299  cd .
  300  cd cd AndroidStudioProjects
  301  cd AndroidStudioProjects
  302  cd desktop
  303  cd ~/Desktop
  304  mkdir CS131_Projects
  305  \cd CSgit remote add origin https://tommyvu008@bitbucket.org/tommyvu008/exercise2.git_Projects
  306  \cd CSgit remote add origin https://tommyvu008@bitbucket.org/tommyvu008/exercise2.t_Projects
  307  cd CS131_Projects
  308  git init
  309  touch newfile.txt
  310  ls
  311  git status
  312  git add
  313  git status
  314  git add newfile.txt
  315  git status
  316  git commit -m "Your message about the commit"
  317  git checkout -b <Tommy's Branch>
  318  Tommy Branch
  319  >
  320  <
  321  >
  322  cd Desktop
  323  ls
  324  cd CS131_Projects/
  325  cd CS131_Projects/
  326  cd Desktop/
  327  cd CS131_Projects/
  328  git branch
  329  git checkout -b <tommy-new-branch>
  330  git checkout -b tommy-new-branch
  331  git branch
  332  git remote add origin https://github.com/tommyvu008/cs131.git
  333  git branch -M main
  334  git push -u origin main
  335  git push origin tommy-new-branch
  336  git push origin tommy-new-branch
  337  git push origin tommy-new-branch
  338  git push origin tommy-new-branch
  339  git status
  340  git branch
  341  >git sgsgg
  342  git checkout -b tommy-new-branch
  343  git branch
  344  git push origin tommy-new-branch
  345  git pull origin master
  346  ls
  347  cd WS1/
  348  ls
  349  git pull origin master
  350  git pull origin master
  351  git pull origin main
  352  git pull
  353  ls
  354  cd
  355  cd ~/Desktop/CS131_Projects/WS1
  356  cd ~/Desktop/CS131_Project
  357  cd ~/Desktop/CS131_Project/
  358  cd ~/Desktop/CS131_Projects/
  359  git pull
  360  git pull origin master
  361  git pull origin main
  362  ls
  363  mkdir ws1
  364  push commit
  365  git push
  366  gt [200~gitcommit -m "Your message about the commit"~
  367  tommy-new-branch)
  368  $ git ^[[200~git commit -m "Your message about the commit"~
  369  dasd
  370  git commit -m "Added directory ws1"
  371  git add ws1
  372  git commit -m "Added directory ws1"
  373  git status
  374  git add git
  375  git commit -m "Added directory ws1"
  376  git branch
  377  git push origin tommy-new-branch
  378  ls
  379  git push origin tommy-new-branch
  380  git commit -m "Added directory ws1's new contents"
  381  git status
  382  git status
  383  git status
  384  git add ws1/
  385  git status
  386  git commit -m "Added directory ws1's new contents"
  387  git push origin tommy-new-branch
  388  "history > cmds.log
  389  history > cmds.log
  390     
  391  q
  392  cd Desktop
  393  cd CS131_Projects/
  394  history > cmds.log
  395  git commit push
  396  git commit 
  397  git ad cmds.log
  398  git add cmds.log
  399  git push
  400  git push tommy-new-branch
  401  git touch
  402  git status
  403  git commit -m "Added directory ws1's new contents v2"
  404  git push
  405  git push tommy-new-branch
  406  git branch
  407  git push origin tommy-new-branch
  408  git status
  409  git add ws1/cmds.log
  410  git commit -m "Moved WS1 content into the right directory"
  411  git push origin tommy-new-branch
  412  ls
  413  ls
  414  cd ws1/
  415  wget www.github.com
  416  wget www.github.com
  417  history > cmds.log
